d{yyyy/MM/dd-HH:mm} [restartedMain] ERROR org.springframework.boot.SpringApplication- Application run failed
org.springframework.boot.context.properties.bind.BindException: Failed to bind properties under 'logging.level' to java.util.Map<java.lang.String, java.lang.String>
	at org.springframework.boot.context.properties.bind.Binder.handleBindError(Binder.java:242)
	at org.springframework.boot.context.properties.bind.Binder.bind(Binder.java:218)
	at org.springframework.boot.context.properties.bind.Binder.bind(Binder.java:202)
	at org.springframework.boot.context.properties.bind.Binder.bind(Binder.java:172)
	at org.springframework.boot.context.logging.LoggingApplicationListener.setLogLevels(LoggingApplicationListener.java:338)
	at org.springframework.boot.context.logging.LoggingApplicationListener.initializeFinalLoggingLevels(LoggingApplicationListener.java:314)
	at org.springframework.boot.context.logging.LoggingApplicationListener.initialize(LoggingApplicationListener.java:265)
	at org.springframework.boot.context.logging.LoggingApplicationListener.onApplicationEnvironmentPreparedEvent(LoggingApplicationListener.java:226)
	at org.springframework.boot.context.logging.LoggingApplicationListener.onApplicationEvent(LoggingApplicationListener.java:203)
	at org.springframework.context.event.SimpleApplicationEventMulticaster.doInvokeListener(SimpleApplicationEventMulticaster.java:172)
	at org.springframework.context.event.SimpleApplicationEventMulticaster.invokeListener(SimpleApplicationEventMulticaster.java:165)
	at org.springframework.context.event.SimpleApplicationEventMulticaster.multicastEvent(SimpleApplicationEventMulticaster.java:139)
	at org.springframework.context.event.SimpleApplicationEventMulticaster.multicastEvent(SimpleApplicationEventMulticaster.java:127)
	at org.springframework.boot.context.event.EventPublishingRunListener.environmentPrepared(EventPublishingRunListener.java:76)
	at org.springframework.boot.SpringApplicationRunListeners.environmentPrepared(SpringApplicationRunListeners.java:53)
	at org.springframework.boot.SpringApplication.prepareEnvironment(SpringApplication.java:342)
	at org.springframework.boot.SpringApplication.run(SpringApplication.java:305)
	at org.springframework.boot.SpringApplication.run(SpringApplication.java:1215)
	at org.springframework.boot.SpringApplication.run(SpringApplication.java:1204)
	at com.sjx.hangduo.util.HangduoApplication.main(HangduoApplication.java:12)
	at sun.reflect.NativeMethodAccessorImpl.invoke0(Native Method)
	at sun.reflect.NativeMethodAccessorImpl.invoke(NativeMethodAccessorImpl.java:62)
	at sun.reflect.DelegatingMethodAccessorImpl.invoke(DelegatingMethodAccessorImpl.java:43)
	at java.lang.reflect.Method.invoke(Method.java:498)
	at org.springframework.boot.devtools.restart.RestartLauncher.run(RestartLauncher.java:49)
Caused by: org.springframework.core.convert.ConverterNotFoundException: No converter found capable of converting from type [java.lang.String] to type [java.util.Map<java.lang.String, java.lang.String>]
	at org.springframework.core.convert.support.GenericConversionService.handleConverterNotFound(GenericConversionService.java:321)
	at org.springframework.core.convert.support.GenericConversionService.convert(GenericConversionService.java:194)
	at org.springframework.boot.context.properties.bind.BindConverter$CompositeConversionService.convert(BindConverter.java:170)
	at org.springframework.boot.context.properties.bind.BindConverter.convert(BindConverter.java:96)
	at org.springframework.boot.context.properties.bind.BindConverter.convert(BindConverter.java:88)
	at org.springframework.boot.context.properties.bind.MapBinder.bindAggregate(MapBinder.java:64)
	at org.springframework.boot.context.properties.bind.AggregateBinder.bind(AggregateBinder.java:56)
	at org.springframework.boot.context.properties.bind.Binder.lambda$bindAggregate$2(Binder.java:293)
	at org.springframework.boot.context.properties.bind.Binder$Context.withIncreasedDepth(Binder.java:429)
	at org.springframework.boot.context.properties.bind.Binder$Context.access$100(Binder.java:372)
	at org.springframework.boot.context.properties.bind.Binder.bindAggregate(Binder.java:293)
	at org.springframework.boot.context.properties.bind.Binder.bindObject(Binder.java:254)
	at org.springframework.boot.context.properties.bind.Binder.bind(Binder.java:214)
	... 23 common frames omitted
2020/02/25-15:32 [restartedMain] ERROR org.springframework.boot.SpringApplication- Application run failed
org.springframework.boot.context.properties.bind.BindException: Failed to bind properties under 'logging.level' to java.util.Map<java.lang.String, java.lang.String>
	at org.springframework.boot.context.properties.bind.Binder.handleBindError(Binder.java:242)
	at org.springframework.boot.context.properties.bind.Binder.bind(Binder.java:218)
	at org.springframework.boot.context.properties.bind.Binder.bind(Binder.java:202)
	at org.springframework.boot.context.properties.bind.Binder.bind(Binder.java:172)
	at org.springframework.boot.context.logging.LoggingApplicationListener.setLogLevels(LoggingApplicationListener.java:338)
	at org.springframework.boot.context.logging.LoggingApplicationListener.initializeFinalLoggingLevels(LoggingApplicationListener.java:314)
	at org.springframework.boot.context.logging.LoggingApplicationListener.initialize(LoggingApplicationListener.java:265)
	at org.springframework.boot.context.logging.LoggingApplicationListener.onApplicationEnvironmentPreparedEvent(LoggingApplicationListener.java:226)
	at org.springframework.boot.context.logging.LoggingApplicationListener.onApplicationEvent(LoggingApplicationListener.java:203)
	at org.springframework.context.event.SimpleApplicationEventMulticaster.doInvokeListener(SimpleApplicationEventMulticaster.java:172)
	at org.springframework.context.event.SimpleApplicationEventMulticaster.invokeListener(SimpleApplicationEventMulticaster.java:165)
	at org.springframework.context.event.SimpleApplicationEventMulticaster.multicastEvent(SimpleApplicationEventMulticaster.java:139)
	at org.springframework.context.event.SimpleApplicationEventMulticaster.multicastEvent(SimpleApplicationEventMulticaster.java:127)
	at org.springframework.boot.context.event.EventPublishingRunListener.environmentPrepared(EventPublishingRunListener.java:76)
	at org.springframework.boot.SpringApplicationRunListeners.environmentPrepared(SpringApplicationRunListeners.java:53)
	at org.springframework.boot.SpringApplication.prepareEnvironment(SpringApplication.java:342)
	at org.springframework.boot.SpringApplication.run(SpringApplication.java:305)
	at org.springframework.boot.SpringApplication.run(SpringApplication.java:1215)
	at org.springframework.boot.SpringApplication.run(SpringApplication.java:1204)
	at com.sjx.hangduo.util.HangduoApplication.main(HangduoApplication.java:12)
	at sun.reflect.NativeMethodAccessorImpl.invoke0(Native Method)
	at sun.reflect.NativeMethodAccessorImpl.invoke(NativeMethodAccessorImpl.java:62)
	at sun.reflect.DelegatingMethodAccessorImpl.invoke(DelegatingMethodAccessorImpl.java:43)
	at java.lang.reflect.Method.invoke(Method.java:498)
	at org.springframework.boot.devtools.restart.RestartLauncher.run(RestartLauncher.java:49)
Caused by: org.springframework.core.convert.ConverterNotFoundException: No converter found capable of converting from type [java.lang.String] to type [java.util.Map<java.lang.String, java.lang.String>]
	at org.springframework.core.convert.support.GenericConversionService.handleConverterNotFound(GenericConversionService.java:321)
	at org.springframework.core.convert.support.GenericConversionService.convert(GenericConversionService.java:194)
	at org.springframework.boot.context.properties.bind.BindConverter$CompositeConversionService.convert(BindConverter.java:170)
	at org.springframework.boot.context.properties.bind.BindConverter.convert(BindConverter.java:96)
	at org.springframework.boot.context.properties.bind.BindConverter.convert(BindConverter.java:88)
	at org.springframework.boot.context.properties.bind.MapBinder.bindAggregate(MapBinder.java:64)
	at org.springframework.boot.context.properties.bind.AggregateBinder.bind(AggregateBinder.java:56)
	at org.springframework.boot.context.properties.bind.Binder.lambda$bindAggregate$2(Binder.java:293)
	at org.springframework.boot.context.properties.bind.Binder$Context.withIncreasedDepth(Binder.java:429)
	at org.springframework.boot.context.properties.bind.Binder$Context.access$100(Binder.java:372)
	at org.springframework.boot.context.properties.bind.Binder.bindAggregate(Binder.java:293)
	at org.springframework.boot.context.properties.bind.Binder.bindObject(Binder.java:254)
	at org.springframework.boot.context.properties.bind.Binder.bind(Binder.java:214)
	... 23 common frames omitted
2020/02/25-15:37 [restartedMain] INFO  com.sjx.hangduo.util.HangduoApplication- Starting HangduoApplication on sun with PID 6372 (E:\workspace\IDEA\hangduo\target\classes started by 孙敬轩 in E:\workspace\IDEA\hangduo)
2020/02/25-15:37 [restartedMain] INFO  com.sjx.hangduo.util.HangduoApplication- No active profile set, falling back to default profiles: default
2020/02/25-15:37 [restartedMain] INFO  org.springframework.boot.devtools.env.DevToolsPropertyDefaultsPostProcessor- Devtools property defaults active! Set 'spring.devtools.add-properties' to 'false' to disable
2020/02/25-15:37 [restartedMain] INFO  org.springframework.boot.devtools.env.DevToolsPropertyDefaultsPostProcessor- For additional web related logging consider setting the 'logging.level.web' property to 'DEBUG'
2020/02/25-15:37 [restartedMain] INFO  org.springframework.boot.web.embedded.tomcat.TomcatWebServer- Tomcat initialized with port(s): 8080 (http)
2020/02/25-15:37 [restartedMain] INFO  org.apache.catalina.core.StandardService- Starting service [Tomcat]
2020/02/25-15:37 [restartedMain] INFO  org.apache.catalina.core.StandardEngine- Starting Servlet engine: [Apache Tomcat/9.0.30]
2020/02/25-15:37 [restartedMain] INFO  org.apache.catalina.core.ContainerBase.[Tomcat].[localhost].[/]- Initializing Spring embedded WebApplicationContext
2020/02/25-15:37 [restartedMain] INFO  org.springframework.web.context.ContextLoader- Root WebApplicationContext: initialization completed in 1327 ms
2020/02/25-15:37 [restartedMain] INFO  org.springframework.scheduling.concurrent.ThreadPoolTaskExecutor- Initializing ExecutorService 'applicationTaskExecutor'
2020/02/25-15:37 [restartedMain] INFO  org.springframework.boot.autoconfigure.web.servlet.WelcomePageHandlerMapping- Adding welcome page template: index
2020/02/25-15:37 [restartedMain] INFO  org.springframework.boot.devtools.autoconfigure.OptionalLiveReloadServer- LiveReload server is running on port 35729
2020/02/25-15:37 [restartedMain] INFO  org.springframework.boot.web.embedded.tomcat.TomcatWebServer- Tomcat started on port(s): 8080 (http) with context path ''
2020/02/25-15:37 [restartedMain] INFO  com.sjx.hangduo.util.HangduoApplication- Started HangduoApplication in 3.197 seconds (JVM running for 4.323)
2020/02/25-15:37 [http-nio-8080-exec-1] INFO  org.apache.catalina.core.ContainerBase.[Tomcat].[localhost].[/]- Initializing Spring DispatcherServlet 'dispatcherServlet'
2020/02/25-15:37 [http-nio-8080-exec-1] INFO  org.springframework.web.servlet.DispatcherServlet- Initializing Servlet 'dispatcherServlet'
2020/02/25-15:37 [http-nio-8080-exec-1] INFO  org.springframework.web.servlet.DispatcherServlet- Completed initialization in 9 ms
2020/02/25-15:37 [Thread-11] INFO  org.springframework.scheduling.concurrent.ThreadPoolTaskExecutor- Shutting down ExecutorService 'applicationTaskExecutor'
2020/02/25-15:38 [restartedMain] INFO  com.sjx.hangduo.util.HangduoApplication- Starting HangduoApplication on sun with PID 17912 (E:\workspace\IDEA\hangduo\target\classes started by 孙敬轩 in E:\workspace\IDEA\hangduo)
2020/02/25-15:38 [restartedMain] INFO  com.sjx.hangduo.util.HangduoApplication- No active profile set, falling back to default profiles: default
2020/02/25-15:38 [restartedMain] INFO  org.springframework.boot.devtools.env.DevToolsPropertyDefaultsPostProcessor- Devtools property defaults active! Set 'spring.devtools.add-properties' to 'false' to disable
2020/02/25-15:38 [restartedMain] INFO  org.springframework.boot.devtools.env.DevToolsPropertyDefaultsPostProcessor- For additional web related logging consider setting the 'logging.level.web' property to 'DEBUG'
2020/02/25-15:38 [restartedMain] INFO  org.springframework.boot.web.embedded.tomcat.TomcatWebServer- Tomcat initialized with port(s): 8080 (http)
2020/02/25-15:38 [restartedMain] INFO  org.apache.catalina.core.StandardService- Starting service [Tomcat]
2020/02/25-15:38 [restartedMain] INFO  org.apache.catalina.core.StandardEngine- Starting Servlet engine: [Apache Tomcat/9.0.30]
2020/02/25-15:38 [restartedMain] INFO  org.apache.catalina.core.ContainerBase.[Tomcat].[localhost].[/]- Initializing Spring embedded WebApplicationContext
2020/02/25-15:38 [restartedMain] INFO  org.springframework.web.context.ContextLoader- Root WebApplicationContext: initialization completed in 1411 ms
2020/02/25-15:38 [restartedMain] INFO  org.springframework.scheduling.concurrent.ThreadPoolTaskExecutor- Initializing ExecutorService 'applicationTaskExecutor'
2020/02/25-15:38 [restartedMain] INFO  org.springframework.boot.autoconfigure.web.servlet.WelcomePageHandlerMapping- Adding welcome page template: index
2020/02/25-15:38 [restartedMain] INFO  org.springframework.boot.devtools.autoconfigure.OptionalLiveReloadServer- LiveReload server is running on port 35729
2020/02/25-15:38 [restartedMain] INFO  org.springframework.boot.web.embedded.tomcat.TomcatWebServer- Tomcat started on port(s): 8080 (http) with context path ''
2020/02/25-15:38 [restartedMain] INFO  com.sjx.hangduo.util.HangduoApplication- Started HangduoApplication in 3.283 seconds (JVM running for 4.425)
2020/02/25-15:39 [http-nio-8080-exec-1] INFO  org.apache.catalina.core.ContainerBase.[Tomcat].[localhost].[/]- Initializing Spring DispatcherServlet 'dispatcherServlet'
2020/02/25-15:39 [http-nio-8080-exec-1] INFO  org.springframework.web.servlet.DispatcherServlet- Initializing Servlet 'dispatcherServlet'
2020/02/25-15:39 [http-nio-8080-exec-1] INFO  org.springframework.web.servlet.DispatcherServlet- Completed initialization in 7 ms
2020/02/25-15:39 [restartedMain] INFO  com.sjx.hangduo.util.HangduoApplication- Starting HangduoApplication on sun with PID 16468 (E:\workspace\IDEA\hangduo\target\classes started by 孙敬轩 in E:\workspace\IDEA\hangduo)
2020/02/25-15:39 [restartedMain] INFO  com.sjx.hangduo.util.HangduoApplication- No active profile set, falling back to default profiles: default
2020/02/25-15:39 [restartedMain] INFO  org.springframework.boot.devtools.env.DevToolsPropertyDefaultsPostProcessor- Devtools property defaults active! Set 'spring.devtools.add-properties' to 'false' to disable
2020/02/25-15:39 [restartedMain] INFO  org.springframework.boot.devtools.env.DevToolsPropertyDefaultsPostProcessor- For additional web related logging consider setting the 'logging.level.web' property to 'DEBUG'
2020/02/25-15:39 [restartedMain] INFO  org.springframework.boot.web.embedded.tomcat.TomcatWebServer- Tomcat initialized with port(s): 8080 (http)
2020/02/25-15:39 [restartedMain] INFO  org.apache.catalina.core.StandardService- Starting service [Tomcat]
2020/02/25-15:39 [restartedMain] INFO  org.apache.catalina.core.StandardEngine- Starting Servlet engine: [Apache Tomcat/9.0.30]
2020/02/25-15:39 [restartedMain] INFO  org.apache.catalina.core.ContainerBase.[Tomcat].[localhost].[/]- Initializing Spring embedded WebApplicationContext
2020/02/25-15:39 [restartedMain] INFO  org.springframework.web.context.ContextLoader- Root WebApplicationContext: initialization completed in 1874 ms
2020/02/25-15:39 [restartedMain] INFO  org.springframework.scheduling.concurrent.ThreadPoolTaskExecutor- Initializing ExecutorService 'applicationTaskExecutor'
2020/02/25-15:39 [restartedMain] INFO  org.springframework.boot.autoconfigure.web.servlet.WelcomePageHandlerMapping- Adding welcome page template: index
2020/02/25-15:39 [restartedMain] INFO  org.springframework.boot.devtools.autoconfigure.OptionalLiveReloadServer- LiveReload server is running on port 35729
2020/02/25-15:39 [restartedMain] INFO  org.springframework.boot.web.embedded.tomcat.TomcatWebServer- Tomcat started on port(s): 8080 (http) with context path ''
2020/02/25-15:39 [restartedMain] INFO  com.sjx.hangduo.util.HangduoApplication- Started HangduoApplication in 3.863 seconds (JVM running for 5.14)
2020/02/25-15:39 [http-nio-8080-exec-1] INFO  org.apache.catalina.core.ContainerBase.[Tomcat].[localhost].[/]- Initializing Spring DispatcherServlet 'dispatcherServlet'
2020/02/25-15:39 [http-nio-8080-exec-1] INFO  org.springframework.web.servlet.DispatcherServlet- Initializing Servlet 'dispatcherServlet'
2020/02/25-15:39 [http-nio-8080-exec-1] INFO  org.springframework.web.servlet.DispatcherServlet- Completed initialization in 6 ms
2020/02/25-15:43 [restartedMain] ERROR org.springframework.boot.context.logging.LoggingApplicationListener- Cannot set level '' for 'null'
2020/02/25-15:43 [restartedMain] INFO  com.sjx.hangduo.util.HangduoApplication- Starting HangduoApplication on sun with PID 2940 (E:\workspace\IDEA\hangduo\target\classes started by 孙敬轩 in E:\workspace\IDEA\hangduo)
2020/02/25-15:43 [restartedMain] INFO  com.sjx.hangduo.util.HangduoApplication- No active profile set, falling back to default profiles: default
2020/02/25-15:43 [restartedMain] INFO  org.springframework.boot.devtools.env.DevToolsPropertyDefaultsPostProcessor- Devtools property defaults active! Set 'spring.devtools.add-properties' to 'false' to disable
2020/02/25-15:43 [restartedMain] INFO  org.springframework.boot.devtools.env.DevToolsPropertyDefaultsPostProcessor- For additional web related logging consider setting the 'logging.level.web' property to 'DEBUG'
2020/02/25-15:43 [restartedMain] INFO  org.springframework.boot.web.embedded.tomcat.TomcatWebServer- Tomcat initialized with port(s): 8080 (http)
2020/02/25-15:43 [restartedMain] INFO  org.apache.catalina.core.StandardService- Starting service [Tomcat]
2020/02/25-15:43 [restartedMain] INFO  org.apache.catalina.core.StandardEngine- Starting Servlet engine: [Apache Tomcat/9.0.30]
2020/02/25-15:43 [restartedMain] INFO  org.apache.catalina.core.ContainerBase.[Tomcat].[localhost].[/]- Initializing Spring embedded WebApplicationContext
2020/02/25-15:43 [restartedMain] INFO  org.springframework.web.context.ContextLoader- Root WebApplicationContext: initialization completed in 1596 ms
2020/02/25-15:43 [restartedMain] INFO  org.springframework.scheduling.concurrent.ThreadPoolTaskExecutor- Initializing ExecutorService 'applicationTaskExecutor'
2020/02/25-15:43 [restartedMain] INFO  org.springframework.boot.autoconfigure.web.servlet.WelcomePageHandlerMapping- Adding welcome page template: index
2020/02/25-15:43 [restartedMain] INFO  org.springframework.boot.devtools.autoconfigure.OptionalLiveReloadServer- LiveReload server is running on port 35729
2020/02/25-15:43 [restartedMain] INFO  org.springframework.boot.web.embedded.tomcat.TomcatWebServer- Tomcat started on port(s): 8080 (http) with context path ''
2020/02/25-15:43 [restartedMain] INFO  com.sjx.hangduo.util.HangduoApplication- Started HangduoApplication in 3.529 seconds (JVM running for 4.655)
2020/02/25-15:43 [http-nio-8080-exec-1] INFO  org.apache.catalina.core.ContainerBase.[Tomcat].[localhost].[/]- Initializing Spring DispatcherServlet 'dispatcherServlet'
2020/02/25-15:43 [http-nio-8080-exec-1] INFO  org.springframework.web.servlet.DispatcherServlet- Initializing Servlet 'dispatcherServlet'
2020/02/25-15:43 [http-nio-8080-exec-1] INFO  org.springframework.web.servlet.DispatcherServlet- Completed initialization in 5 ms
2020/02/25-15:44 [restartedMain] ERROR org.springframework.boot.context.logging.LoggingApplicationListener- Cannot set level '' for 'null'
2020/02/25-15:44 [restartedMain] INFO  com.sjx.hangduo.util.HangduoApplication- Starting HangduoApplication on sun with PID 16192 (E:\workspace\IDEA\hangduo\target\classes started by 孙敬轩 in E:\workspace\IDEA\hangduo)
2020/02/25-15:44 [restartedMain] INFO  com.sjx.hangduo.util.HangduoApplication- No active profile set, falling back to default profiles: default
2020/02/25-15:44 [restartedMain] INFO  org.springframework.boot.devtools.env.DevToolsPropertyDefaultsPostProcessor- Devtools property defaults active! Set 'spring.devtools.add-properties' to 'false' to disable
2020/02/25-15:44 [restartedMain] INFO  org.springframework.boot.devtools.env.DevToolsPropertyDefaultsPostProcessor- For additional web related logging consider setting the 'logging.level.web' property to 'DEBUG'
2020/02/25-15:44 [restartedMain] INFO  org.springframework.boot.web.embedded.tomcat.TomcatWebServer- Tomcat initialized with port(s): 8080 (http)
2020/02/25-15:44 [restartedMain] INFO  org.apache.catalina.core.StandardService- Starting service [Tomcat]
2020/02/25-15:44 [restartedMain] INFO  org.apache.catalina.core.StandardEngine- Starting Servlet engine: [Apache Tomcat/9.0.30]
2020/02/25-15:44 [restartedMain] INFO  org.apache.catalina.core.ContainerBase.[Tomcat].[localhost].[/]- Initializing Spring embedded WebApplicationContext
2020/02/25-15:44 [restartedMain] INFO  org.springframework.web.context.ContextLoader- Root WebApplicationContext: initialization completed in 1514 ms
2020/02/25-15:44 [restartedMain] INFO  org.springframework.scheduling.concurrent.ThreadPoolTaskExecutor- Initializing ExecutorService 'applicationTaskExecutor'
2020/02/25-15:44 [restartedMain] INFO  org.springframework.boot.autoconfigure.web.servlet.WelcomePageHandlerMapping- Adding welcome page template: index
2020/02/25-15:44 [restartedMain] INFO  org.springframework.boot.devtools.autoconfigure.OptionalLiveReloadServer- LiveReload server is running on port 35729
2020/02/25-15:44 [restartedMain] INFO  org.springframework.boot.web.embedded.tomcat.TomcatWebServer- Tomcat started on port(s): 8080 (http) with context path ''
2020/02/25-15:44 [restartedMain] INFO  com.sjx.hangduo.util.HangduoApplication- Started HangduoApplication in 3.426 seconds (JVM running for 4.53)
2020/02/25-15:44 [http-nio-8080-exec-1] INFO  org.apache.catalina.core.ContainerBase.[Tomcat].[localhost].[/]- Initializing Spring DispatcherServlet 'dispatcherServlet'
2020/02/25-15:44 [http-nio-8080-exec-1] INFO  org.springframework.web.servlet.DispatcherServlet- Initializing Servlet 'dispatcherServlet'
2020/02/25-15:44 [http-nio-8080-exec-1] INFO  org.springframework.web.servlet.DispatcherServlet- Completed initialization in 7 ms
2020/02/25-15:46 [restartedMain] ERROR org.springframework.boot.context.logging.LoggingApplicationListener- Cannot set level '' for 'null'
2020/02/25-15:46 [restartedMain] INFO  com.sjx.hangduo.HangduoApplication- Starting HangduoApplication on sun with PID 15084 (E:\workspace\IDEA\hangduo\target\classes started by 孙敬轩 in E:\workspace\IDEA\hangduo)
2020/02/25-15:46 [restartedMain] INFO  com.sjx.hangduo.HangduoApplication- No active profile set, falling back to default profiles: default
2020/02/25-15:46 [restartedMain] INFO  org.springframework.boot.web.embedded.tomcat.TomcatWebServer- Tomcat initialized with port(s): 8080 (http)
2020/02/25-15:46 [restartedMain] INFO  org.apache.catalina.core.StandardService- Starting service [Tomcat]
2020/02/25-15:46 [restartedMain] INFO  org.apache.catalina.core.StandardEngine- Starting Servlet engine: [Apache Tomcat/9.0.30]
2020/02/25-15:46 [restartedMain] INFO  org.apache.catalina.core.ContainerBase.[Tomcat].[localhost].[/]- Initializing Spring embedded WebApplicationContext
2020/02/25-15:46 [restartedMain] INFO  org.springframework.web.context.ContextLoader- Root WebApplicationContext: initialization completed in 346 ms
2020/02/25-15:46 [restartedMain] INFO  com.zaxxer.hikari.HikariDataSource- HikariPool-2 - Starting...
2020/02/25-15:46 [restartedMain] INFO  com.zaxxer.hikari.HikariDataSource- HikariPool-2 - Start completed.
2020/02/25-15:46 [restartedMain] INFO  org.springframework.scheduling.concurrent.ThreadPoolTaskExecutor- Initializing ExecutorService 'applicationTaskExecutor'
2020/02/25-15:46 [restartedMain] INFO  org.springframework.boot.autoconfigure.web.servlet.WelcomePageHandlerMapping- Adding welcome page template: index
2020/02/25-15:46 [restartedMain] INFO  org.springframework.boot.devtools.autoconfigure.OptionalLiveReloadServer- LiveReload server is running on port 35729
2020/02/25-15:46 [restartedMain] INFO  org.springframework.boot.web.embedded.tomcat.TomcatWebServer- Tomcat started on port(s): 8080 (http) with context path ''
2020/02/25-15:46 [restartedMain] INFO  com.sjx.hangduo.HangduoApplication- Started HangduoApplication in 1.049 seconds (JVM running for 43.174)
2020/02/25-15:46 [restartedMain] INFO  org.springframework.boot.devtools.autoconfigure.ConditionEvaluationDeltaLoggingListener- Condition evaluation unchanged
2020/02/25-15:46 [Thread-19] INFO  org.springframework.scheduling.concurrent.ThreadPoolTaskExecutor- Shutting down ExecutorService 'applicationTaskExecutor'
2020/02/25-15:46 [Thread-19] INFO  com.zaxxer.hikari.HikariDataSource- HikariPool-2 - Shutdown initiated...
2020/02/25-15:46 [Thread-19] INFO  com.zaxxer.hikari.HikariDataSource- HikariPool-2 - Shutdown completed.
2020/02/25-15:46 [restartedMain] ERROR org.springframework.boot.context.logging.LoggingApplicationListener- Cannot set level '' for 'null'
2020/02/25-15:46 [restartedMain] INFO  com.sjx.hangduo.HangduoApplication- Starting HangduoApplication on sun with PID 15084 (E:\workspace\IDEA\hangduo\target\classes started by 孙敬轩 in E:\workspace\IDEA\hangduo)
2020/02/25-15:46 [restartedMain] INFO  com.sjx.hangduo.HangduoApplication- No active profile set, falling back to default profiles: default
2020/02/25-15:46 [restartedMain] INFO  org.springframework.boot.web.embedded.tomcat.TomcatWebServer- Tomcat initialized with port(s): 8080 (http)
2020/02/25-15:46 [restartedMain] INFO  org.apache.catalina.core.StandardService- Starting service [Tomcat]
2020/02/25-15:46 [restartedMain] INFO  org.apache.catalina.core.StandardEngine- Starting Servlet engine: [Apache Tomcat/9.0.30]
2020/02/25-15:46 [restartedMain] INFO  org.apache.catalina.core.ContainerBase.[Tomcat].[localhost].[/]- Initializing Spring embedded WebApplicationContext
2020/02/25-15:46 [restartedMain] INFO  org.springframework.web.context.ContextLoader- Root WebApplicationContext: initialization completed in 353 ms
2020/02/25-15:46 [restartedMain] INFO  com.zaxxer.hikari.HikariDataSource- HikariPool-3 - Starting...
2020/02/25-15:46 [restartedMain] INFO  com.zaxxer.hikari.HikariDataSource- HikariPool-3 - Start completed.
2020/02/25-15:46 [restartedMain] INFO  org.springframework.scheduling.concurrent.ThreadPoolTaskExecutor- Initializing ExecutorService 'applicationTaskExecutor'
2020/02/25-15:46 [restartedMain] INFO  org.springframework.boot.autoconfigure.web.servlet.WelcomePageHandlerMapping- Adding welcome page template: index
2020/02/25-15:46 [restartedMain] INFO  org.springframework.boot.devtools.autoconfigure.OptionalLiveReloadServer- LiveReload server is running on port 35729
2020/02/25-15:46 [restartedMain] INFO  org.springframework.boot.web.embedded.tomcat.TomcatWebServer- Tomcat started on port(s): 8080 (http) with context path ''
2020/02/25-15:46 [restartedMain] INFO  com.sjx.hangduo.HangduoApplication- Started HangduoApplication in 1.294 seconds (JVM running for 57.391)
2020/02/25-15:46 [restartedMain] INFO  org.springframework.boot.devtools.autoconfigure.ConditionEvaluationDeltaLoggingListener- Condition evaluation unchanged
2020/02/25-15:47 [restartedMain] ERROR org.springframework.boot.context.logging.LoggingApplicationListener- Cannot set level '' for 'null'
2020/02/25-15:47 [restartedMain] INFO  com.sjx.hangduo.HangduoApplication- Starting HangduoApplication on sun with PID 17676 (E:\workspace\IDEA\hangduo\target\classes started by 孙敬轩 in E:\workspace\IDEA\hangduo)
2020/02/25-15:47 [restartedMain] INFO  com.sjx.hangduo.HangduoApplication- No active profile set, falling back to default profiles: default
2020/02/25-15:47 [restartedMain] INFO  org.springframework.boot.devtools.env.DevToolsPropertyDefaultsPostProcessor- Devtools property defaults active! Set 'spring.devtools.add-properties' to 'false' to disable
2020/02/25-15:47 [restartedMain] INFO  org.springframework.boot.devtools.env.DevToolsPropertyDefaultsPostProcessor- For additional web related logging consider setting the 'logging.level.web' property to 'DEBUG'
2020/02/25-15:47 [restartedMain] INFO  org.springframework.boot.web.embedded.tomcat.TomcatWebServer- Tomcat initialized with port(s): 8080 (http)
2020/02/25-15:47 [restartedMain] INFO  org.apache.catalina.core.StandardService- Starting service [Tomcat]
2020/02/25-15:47 [restartedMain] INFO  org.apache.catalina.core.StandardEngine- Starting Servlet engine: [Apache Tomcat/9.0.30]
2020/02/25-15:47 [restartedMain] INFO  org.apache.catalina.core.ContainerBase.[Tomcat].[localhost].[/]- Initializing Spring embedded WebApplicationContext
2020/02/25-15:47 [restartedMain] INFO  org.springframework.web.context.ContextLoader- Root WebApplicationContext: initialization completed in 1551 ms
2020/02/25-15:47 [restartedMain] INFO  com.zaxxer.hikari.HikariDataSource- HikariPool-1 - Starting...
2020/02/25-15:47 [restartedMain] INFO  com.zaxxer.hikari.HikariDataSource- HikariPool-1 - Start completed.
2020/02/25-15:47 [restartedMain] INFO  org.springframework.scheduling.concurrent.ThreadPoolTaskExecutor- Initializing ExecutorService 'applicationTaskExecutor'
2020/02/25-15:47 [restartedMain] INFO  org.springframework.boot.autoconfigure.web.servlet.WelcomePageHandlerMapping- Adding welcome page template: index
2020/02/25-15:47 [restartedMain] INFO  org.springframework.boot.devtools.autoconfigure.OptionalLiveReloadServer- LiveReload server is running on port 35729
2020/02/25-15:47 [restartedMain] INFO  org.springframework.boot.web.embedded.tomcat.TomcatWebServer- Tomcat started on port(s): 8080 (http) with context path ''
2020/02/25-15:47 [restartedMain] INFO  com.sjx.hangduo.HangduoApplication- Started HangduoApplication in 3.5 seconds (JVM running for 4.713)
2020/02/25-15:48 [restartedMain] INFO  com.sjx.hangduo.HangduoApplication- Starting HangduoApplication on sun with PID 5764 (E:\workspace\IDEA\hangduo\target\classes started by 孙敬轩 in E:\workspace\IDEA\hangduo)
2020/02/25-15:48 [restartedMain] INFO  com.sjx.hangduo.HangduoApplication- No active profile set, falling back to default profiles: default
2020/02/25-15:48 [restartedMain] INFO  org.springframework.boot.devtools.env.DevToolsPropertyDefaultsPostProcessor- Devtools property defaults active! Set 'spring.devtools.add-properties' to 'false' to disable
2020/02/25-15:48 [restartedMain] INFO  org.springframework.boot.devtools.env.DevToolsPropertyDefaultsPostProcessor- For additional web related logging consider setting the 'logging.level.web' property to 'DEBUG'
2020/02/25-15:48 [restartedMain] INFO  org.springframework.boot.web.embedded.tomcat.TomcatWebServer- Tomcat initialized with port(s): 8080 (http)
2020/02/25-15:48 [restartedMain] INFO  org.apache.catalina.core.StandardService- Starting service [Tomcat]
2020/02/25-15:48 [restartedMain] INFO  org.apache.catalina.core.StandardEngine- Starting Servlet engine: [Apache Tomcat/9.0.30]
2020/02/25-15:48 [restartedMain] INFO  org.apache.catalina.core.ContainerBase.[Tomcat].[localhost].[/]- Initializing Spring embedded WebApplicationContext
2020/02/25-15:48 [restartedMain] INFO  org.springframework.web.context.ContextLoader- Root WebApplicationContext: initialization completed in 1612 ms
2020/02/25-15:48 [restartedMain] INFO  com.zaxxer.hikari.HikariDataSource- HikariPool-1 - Starting...
2020/02/25-15:48 [restartedMain] INFO  com.zaxxer.hikari.HikariDataSource- HikariPool-1 - Start completed.
2020/02/25-15:48 [restartedMain] INFO  org.springframework.scheduling.concurrent.ThreadPoolTaskExecutor- Initializing ExecutorService 'applicationTaskExecutor'
2020/02/25-15:48 [restartedMain] INFO  org.springframework.boot.autoconfigure.web.servlet.WelcomePageHandlerMapping- Adding welcome page template: index
2020/02/25-15:48 [restartedMain] INFO  org.springframework.boot.devtools.autoconfigure.OptionalLiveReloadServer- LiveReload server is running on port 35729
2020/02/25-15:48 [restartedMain] INFO  org.springframework.boot.web.embedded.tomcat.TomcatWebServer- Tomcat started on port(s): 8080 (http) with context path ''
2020/02/25-15:48 [restartedMain] INFO  com.sjx.hangduo.HangduoApplication- Started HangduoApplication in 5.018 seconds (JVM running for 6.149)
2020/02/25-15:49 [Thread-14] INFO  org.springframework.scheduling.concurrent.ThreadPoolTaskExecutor- Shutting down ExecutorService 'applicationTaskExecutor'
2020/02/25-15:49 [Thread-14] INFO  com.zaxxer.hikari.HikariDataSource- HikariPool-1 - Shutdown initiated...
2020/02/25-15:49 [Thread-14] INFO  com.zaxxer.hikari.HikariDataSource- HikariPool-1 - Shutdown completed.
2020/02/25-15:49 [restartedMain] INFO  com.sjx.hangduo.HangduoApplication- Starting HangduoApplication on sun with PID 5764 (E:\workspace\IDEA\hangduo\target\classes started by 孙敬轩 in E:\workspace\IDEA\hangduo)
2020/02/25-15:49 [restartedMain] INFO  com.sjx.hangduo.HangduoApplication- No active profile set, falling back to default profiles: default
2020/02/25-15:49 [restartedMain] INFO  org.springframework.boot.web.embedded.tomcat.TomcatWebServer- Tomcat initialized with port(s): 8080 (http)
2020/02/25-15:49 [restartedMain] INFO  org.apache.catalina.core.StandardService- Starting service [Tomcat]
2020/02/25-15:49 [restartedMain] INFO  org.apache.catalina.core.StandardEngine- Starting Servlet engine: [Apache Tomcat/9.0.30]
2020/02/25-15:49 [restartedMain] INFO  org.apache.catalina.core.ContainerBase.[Tomcat].[localhost].[/]- Initializing Spring embedded WebApplicationContext
2020/02/25-15:49 [restartedMain] INFO  org.springframework.web.context.ContextLoader- Root WebApplicationContext: initialization completed in 424 ms
2020/02/25-15:49 [restartedMain] INFO  com.zaxxer.hikari.HikariDataSource- HikariPool-2 - Starting...
2020/02/25-15:49 [restartedMain] INFO  com.zaxxer.hikari.HikariDataSource- HikariPool-2 - Start completed.
2020/02/25-15:49 [restartedMain] INFO  org.springframework.scheduling.concurrent.ThreadPoolTaskExecutor- Initializing ExecutorService 'applicationTaskExecutor'
2020/02/25-15:49 [restartedMain] INFO  org.springframework.boot.autoconfigure.web.servlet.WelcomePageHandlerMapping- Adding welcome page template: index
2020/02/25-15:49 [restartedMain] INFO  org.springframework.boot.devtools.autoconfigure.OptionalLiveReloadServer- LiveReload server is running on port 35729
2020/02/25-15:49 [restartedMain] INFO  org.springframework.boot.web.embedded.tomcat.TomcatWebServer- Tomcat started on port(s): 8080 (http) with context path ''
2020/02/25-15:49 [restartedMain] INFO  com.sjx.hangduo.HangduoApplication- Started HangduoApplication in 1.155 seconds (JVM running for 67.979)
2020/02/25-15:49 [restartedMain] INFO  org.springframework.boot.devtools.autoconfigure.ConditionEvaluationDeltaLoggingListener- Condition evaluation unchanged
2020/02/25-15:49 [Thread-22] INFO  org.springframework.scheduling.concurrent.ThreadPoolTaskExecutor- Shutting down ExecutorService 'applicationTaskExecutor'
2020/02/25-15:49 [Thread-22] INFO  com.zaxxer.hikari.HikariDataSource- HikariPool-2 - Shutdown initiated...
2020/02/25-15:49 [Thread-22] INFO  com.zaxxer.hikari.HikariDataSource- HikariPool-2 - Shutdown completed.
2020/02/25-15:49 [restartedMain] INFO  com.sjx.hangduo.HangduoApplication- Starting HangduoApplication on sun with PID 5764 (E:\workspace\IDEA\hangduo\target\classes started by 孙敬轩 in E:\workspace\IDEA\hangduo)
2020/02/25-15:49 [restartedMain] INFO  com.sjx.hangduo.HangduoApplication- No active profile set, falling back to default profiles: default
2020/02/25-15:49 [restartedMain] INFO  org.springframework.boot.web.embedded.tomcat.TomcatWebServer- Tomcat initialized with port(s): 8080 (http)
2020/02/25-15:49 [restartedMain] INFO  org.apache.catalina.core.StandardService- Starting service [Tomcat]
2020/02/25-15:49 [restartedMain] INFO  org.apache.catalina.core.StandardEngine- Starting Servlet engine: [Apache Tomcat/9.0.30]
2020/02/25-15:49 [restartedMain] INFO  org.apache.catalina.core.ContainerBase.[Tomcat].[localhost].[/]- Initializing Spring embedded WebApplicationContext
2020/02/25-15:49 [restartedMain] INFO  org.springframework.web.context.ContextLoader- Root WebApplicationContext: initialization completed in 351 ms
2020/02/25-15:49 [restartedMain] INFO  com.zaxxer.hikari.HikariDataSource- HikariPool-3 - Starting...
2020/02/25-15:49 [restartedMain] INFO  com.zaxxer.hikari.HikariDataSource- HikariPool-3 - Start completed.
2020/02/25-15:49 [restartedMain] INFO  org.springframework.scheduling.concurrent.ThreadPoolTaskExecutor- Initializing ExecutorService 'applicationTaskExecutor'
2020/02/25-15:49 [restartedMain] INFO  org.springframework.boot.autoconfigure.web.servlet.WelcomePageHandlerMapping- Adding welcome page template: index
2020/02/25-15:49 [restartedMain] INFO  org.springframework.boot.devtools.autoconfigure.OptionalLiveReloadServer- LiveReload server is running on port 35729
2020/02/25-15:49 [restartedMain] INFO  org.springframework.boot.web.embedded.tomcat.TomcatWebServer- Tomcat started on port(s): 8080 (http) with context path ''
2020/02/25-15:49 [restartedMain] INFO  com.sjx.hangduo.HangduoApplication- Started HangduoApplication in 1.139 seconds (JVM running for 82.949)
2020/02/25-15:49 [restartedMain] INFO  org.springframework.boot.devtools.autoconfigure.ConditionEvaluationDeltaLoggingListener- Condition evaluation unchanged
2020/02/25-15:50 [restartedMain] INFO  com.sjx.hangduo.HangduoApplication- Starting HangduoApplication on sun with PID 16608 (E:\workspace\IDEA\hangduo\target\classes started by 孙敬轩 in E:\workspace\IDEA\hangduo)
2020/02/25-15:50 [restartedMain] INFO  com.sjx.hangduo.HangduoApplication- No active profile set, falling back to default profiles: default
2020/02/25-15:50 [restartedMain] INFO  org.springframework.boot.devtools.env.DevToolsPropertyDefaultsPostProcessor- Devtools property defaults active! Set 'spring.devtools.add-properties' to 'false' to disable
2020/02/25-15:50 [restartedMain] INFO  org.springframework.boot.devtools.env.DevToolsPropertyDefaultsPostProcessor- For additional web related logging consider setting the 'logging.level.web' property to 'DEBUG'
2020/02/25-15:50 [restartedMain] INFO  org.springframework.boot.web.embedded.tomcat.TomcatWebServer- Tomcat initialized with port(s): 8080 (http)
2020/02/25-15:50 [restartedMain] INFO  org.apache.catalina.core.StandardService- Starting service [Tomcat]
2020/02/25-15:50 [restartedMain] INFO  org.apache.catalina.core.StandardEngine- Starting Servlet engine: [Apache Tomcat/9.0.30]
2020/02/25-15:50 [restartedMain] INFO  org.apache.catalina.core.ContainerBase.[Tomcat].[localhost].[/]- Initializing Spring embedded WebApplicationContext
2020/02/25-15:50 [restartedMain] INFO  org.springframework.web.context.ContextLoader- Root WebApplicationContext: initialization completed in 1489 ms
2020/02/25-15:50 [restartedMain] INFO  com.zaxxer.hikari.HikariDataSource- HikariPool-1 - Starting...
2020/02/25-15:50 [restartedMain] INFO  com.zaxxer.hikari.HikariDataSource- HikariPool-1 - Start completed.
2020/02/25-15:50 [restartedMain] INFO  org.springframework.scheduling.concurrent.ThreadPoolTaskExecutor- Initializing ExecutorService 'applicationTaskExecutor'
2020/02/25-15:50 [restartedMain] INFO  org.springframework.boot.autoconfigure.web.servlet.WelcomePageHandlerMapping- Adding welcome page template: index
2020/02/25-15:50 [restartedMain] INFO  org.springframework.boot.devtools.autoconfigure.OptionalLiveReloadServer- LiveReload server is running on port 35729
2020/02/25-15:50 [restartedMain] INFO  org.springframework.boot.web.embedded.tomcat.TomcatWebServer- Tomcat started on port(s): 8080 (http) with context path ''
2020/02/25-15:50 [restartedMain] INFO  com.sjx.hangduo.HangduoApplication- Started HangduoApplication in 3.595 seconds (JVM running for 4.721)
2020/02/25-15:50 [http-nio-8080-exec-1] INFO  org.apache.catalina.core.ContainerBase.[Tomcat].[localhost].[/]- Initializing Spring DispatcherServlet 'dispatcherServlet'
2020/02/25-15:50 [http-nio-8080-exec-1] INFO  org.springframework.web.servlet.DispatcherServlet- Initializing Servlet 'dispatcherServlet'
2020/02/25-15:50 [http-nio-8080-exec-1] INFO  org.springframework.web.servlet.DispatcherServlet- Completed initialization in 6 ms
2020/02/25-15:50 [http-nio-8080-exec-1] INFO  com.sjx.hangduo.controller.management.InitController- 访问了法规页面
2020/02/25-15:53 [Thread-11] INFO  org.springframework.scheduling.concurrent.ThreadPoolTaskExecutor- Shutting down ExecutorService 'applicationTaskExecutor'
2020/02/25-15:53 [Thread-11] INFO  com.zaxxer.hikari.HikariDataSource- HikariPool-1 - Shutdown initiated...
2020/02/25-15:53 [Thread-11] INFO  com.zaxxer.hikari.HikariDataSource- HikariPool-1 - Shutdown completed.
2020/02/25-15:53 [restartedMain] INFO  com.sjx.hangduo.HangduoApplication- Starting HangduoApplication on sun with PID 16608 (E:\workspace\IDEA\hangduo\target\classes started by 孙敬轩 in E:\workspace\IDEA\hangduo)
2020/02/25-15:53 [restartedMain] INFO  com.sjx.hangduo.HangduoApplication- No active profile set, falling back to default profiles: default
2020/02/25-15:53 [restartedMain] INFO  org.springframework.boot.web.embedded.tomcat.TomcatWebServer- Tomcat initialized with port(s): 8080 (http)
2020/02/25-15:53 [restartedMain] INFO  org.apache.catalina.core.StandardService- Starting service [Tomcat]
2020/02/25-15:53 [restartedMain] INFO  org.apache.catalina.core.StandardEngine- Starting Servlet engine: [Apache Tomcat/9.0.30]
2020/02/25-15:53 [restartedMain] INFO  org.apache.catalina.core.ContainerBase.[Tomcat].[localhost].[/]- Initializing Spring embedded WebApplicationContext
2020/02/25-15:53 [restartedMain] INFO  org.springframework.web.context.ContextLoader- Root WebApplicationContext: initialization completed in 359 ms
2020/02/25-15:53 [restartedMain] INFO  com.zaxxer.hikari.HikariDataSource- HikariPool-2 - Starting...
2020/02/25-15:53 [restartedMain] INFO  com.zaxxer.hikari.HikariDataSource- HikariPool-2 - Start completed.
2020/02/25-15:53 [restartedMain] INFO  org.springframework.scheduling.concurrent.ThreadPoolTaskExecutor- Initializing ExecutorService 'applicationTaskExecutor'
2020/02/25-15:53 [restartedMain] INFO  org.springframework.boot.autoconfigure.web.servlet.WelcomePageHandlerMapping- Adding welcome page template: index
2020/02/25-15:53 [restartedMain] INFO  org.springframework.boot.devtools.autoconfigure.OptionalLiveReloadServer- LiveReload server is running on port 35729
2020/02/25-15:53 [restartedMain] INFO  org.springframework.boot.web.embedded.tomcat.TomcatWebServer- Tomcat started on port(s): 8080 (http) with context path ''
2020/02/25-15:53 [restartedMain] INFO  com.sjx.hangduo.HangduoApplication- Started HangduoApplication in 1.078 seconds (JVM running for 143.649)
2020/02/25-15:53 [restartedMain] INFO  org.springframework.boot.devtools.autoconfigure.ConditionEvaluationDeltaLoggingListener- Condition evaluation unchanged
2020/02/25-15:53 [http-nio-8080-exec-1] INFO  org.apache.catalina.core.ContainerBase.[Tomcat].[localhost].[/]- Initializing Spring DispatcherServlet 'dispatcherServlet'
2020/02/25-15:53 [http-nio-8080-exec-1] INFO  org.springframework.web.servlet.DispatcherServlet- Initializing Servlet 'dispatcherServlet'
2020/02/25-15:53 [http-nio-8080-exec-1] INFO  org.springframework.web.servlet.DispatcherServlet- Completed initialization in 12 ms
2020/02/25-15:53 [http-nio-8080-exec-1] INFO  com.sjx.hangduo.controller.management.InitController- 访问了法规页面
2020/02/25-15:53 [http-nio-8080-exec-1] INFO  freemarker.beans- Detected multiple classes with the same name, "com.sjx.hangduo.model.vo.RegTypeVO". Assuming it was a class-reloading. Clearing class introspection caches to release old data.
2020/02/25-15:55 [Thread-20] INFO  org.springframework.scheduling.concurrent.ThreadPoolTaskExecutor- Shutting down ExecutorService 'applicationTaskExecutor'
2020/02/25-15:55 [Thread-20] INFO  com.zaxxer.hikari.HikariDataSource- HikariPool-2 - Shutdown initiated...
2020/02/25-15:55 [Thread-20] INFO  com.zaxxer.hikari.HikariDataSource- HikariPool-2 - Shutdown completed.
2020/02/25-15:55 [restartedMain] INFO  com.sjx.hangduo.HangduoApplication- Starting HangduoApplication on sun with PID 16608 (E:\workspace\IDEA\hangduo\target\classes started by 孙敬轩 in E:\workspace\IDEA\hangduo)
2020/02/25-15:55 [restartedMain] INFO  com.sjx.hangduo.HangduoApplication- No active profile set, falling back to default profiles: default
2020/02/25-15:55 [restartedMain] INFO  org.springframework.boot.web.embedded.tomcat.TomcatWebServer- Tomcat initialized with port(s): 8080 (http)
2020/02/25-15:55 [restartedMain] INFO  org.apache.catalina.core.StandardService- Starting service [Tomcat]
2020/02/25-15:55 [restartedMain] INFO  org.apache.catalina.core.StandardEngine- Starting Servlet engine: [Apache Tomcat/9.0.30]
2020/02/25-15:55 [restartedMain] INFO  org.apache.catalina.core.ContainerBase.[Tomcat].[localhost].[/]- Initializing Spring embedded WebApplicationContext
2020/02/25-15:55 [restartedMain] INFO  org.springframework.web.context.ContextLoader- Root WebApplicationContext: initialization completed in 690 ms
2020/02/25-15:55 [restartedMain] INFO  com.zaxxer.hikari.HikariDataSource- HikariPool-3 - Starting...
2020/02/25-15:55 [restartedMain] INFO  com.zaxxer.hikari.HikariDataSource- HikariPool-3 - Start completed.
2020/02/25-15:55 [restartedMain] INFO  org.springframework.scheduling.concurrent.ThreadPoolTaskExecutor- Initializing ExecutorService 'applicationTaskExecutor'
2020/02/25-15:55 [restartedMain] INFO  org.springframework.boot.autoconfigure.web.servlet.WelcomePageHandlerMapping- Adding welcome page template: index
2020/02/25-15:55 [restartedMain] INFO  org.springframework.boot.devtools.autoconfigure.OptionalLiveReloadServer- LiveReload server is running on port 35729
2020/02/25-15:55 [restartedMain] INFO  org.springframework.boot.web.embedded.tomcat.TomcatWebServer- Tomcat started on port(s): 8080 (http) with context path ''
2020/02/25-15:55 [restartedMain] INFO  com.sjx.hangduo.HangduoApplication- Started HangduoApplication in 1.547 seconds (JVM running for 265.775)
2020/02/25-15:55 [restartedMain] INFO  org.springframework.boot.devtools.autoconfigure.ConditionEvaluationDeltaLoggingListener- Condition evaluation unchanged
